2025-07-04 07:59:04.714  INFO 7592 --- [restartedMain] i.g.f.msclientes.MsclientesApplication   : Starting MsclientesApplication using Java 21.0.1 on DESKTOP-4MTB0FR with PID 7592 (C:\Users\Snove\IdeaProjects\FinTech Microservicos\msclientes\target\classes started by Snove in C:\Users\Snove\IdeaProjects\FinTech Microservicos\msclientes)
2025-07-04 07:59:04.721  INFO 7592 --- [restartedMain] i.g.f.msclientes.MsclientesApplication   : The following 1 profile is active: "local"
2025-07-04 07:59:04.832  INFO 7592 --- [restartedMain] .e.DevToolsPropertyDefaultsPostProcessor : Devtools property defaults active! Set 'spring.devtools.add-properties' to 'false' to disable
2025-07-04 07:59:04.833  INFO 7592 --- [restartedMain] .e.DevToolsPropertyDefaultsPostProcessor : For additional web related logging consider setting the 'logging.level.web' property to 'DEBUG'
2025-07-04 07:59:06.558  INFO 7592 --- [restartedMain] .s.d.r.c.RepositoryConfigurationDelegate : Bootstrapping Spring Data JPA repositories in DEFAULT mode.
2025-07-04 07:59:06.752  INFO 7592 --- [restartedMain] .s.d.r.c.RepositoryConfigurationDelegate : Finished Spring Data repository scanning in 180 ms. Found 1 JPA repository interfaces.
2025-07-04 07:59:07.233  INFO 7592 --- [restartedMain] o.s.cloud.context.scope.GenericScope     : BeanFactory id=552bfa26-eba7-3b19-aaca-59019085e81a
2025-07-04 07:59:08.813  INFO 7592 --- [restartedMain] o.s.b.w.embedded.tomcat.TomcatWebServer  : Tomcat initialized with port(s): 0 (http)
2025-07-04 07:59:08.830  INFO 7592 --- [restartedMain] o.apache.catalina.core.StandardService   : Starting service [Tomcat]
2025-07-04 07:59:08.831  INFO 7592 --- [restartedMain] org.apache.catalina.core.StandardEngine  : Starting Servlet engine: [Apache Tomcat/9.0.63]
2025-07-04 07:59:09.003  INFO 7592 --- [restartedMain] o.a.c.c.C.[Tomcat].[localhost].[/]       : Initializing Spring embedded WebApplicationContext
2025-07-04 07:59:09.003  INFO 7592 --- [restartedMain] w.s.c.ServletWebServerApplicationContext : Root WebApplicationContext: initialization completed in 4169 ms
2025-07-04 07:59:09.489  INFO 7592 --- [restartedMain] com.zaxxer.hikari.HikariDataSource       : HikariPool-1 - Starting...
2025-07-04 07:59:09.953  INFO 7592 --- [restartedMain] com.zaxxer.hikari.HikariDataSource       : HikariPool-1 - Start completed.
2025-07-04 07:59:09.974  INFO 7592 --- [restartedMain] o.s.b.a.h2.H2ConsoleAutoConfiguration    : H2 console available at '/h2-console'. Database available at 'jdbc:h2:mem:4689aa5a-a205-45b7-9905-74df6d2d018e'
2025-07-04 07:59:10.870  INFO 7592 --- [restartedMain] o.hibernate.jpa.internal.util.LogHelper  : HHH000204: Processing PersistenceUnitInfo [name: default]
2025-07-04 07:59:11.243  INFO 7592 --- [restartedMain] org.hibernate.Version                    : HHH000412: Hibernate ORM core version 5.6.9.Final
2025-07-04 07:59:11.559  INFO 7592 --- [restartedMain] o.hibernate.annotations.common.Version   : HCANN000001: Hibernate Commons Annotations {5.1.2.Final}
2025-07-04 07:59:11.815  INFO 7592 --- [restartedMain] org.hibernate.dialect.Dialect            : HHH000400: Using dialect: org.hibernate.dialect.H2Dialect
2025-07-04 07:59:12.436  INFO 7592 --- [restartedMain] o.h.e.t.j.p.i.JtaPlatformInitiator       : HHH000490: Using JtaPlatform implementation: [org.hibernate.engine.transaction.jta.platform.internal.NoJtaPlatform]
2025-07-04 07:59:12.447  INFO 7592 --- [restartedMain] j.LocalContainerEntityManagerFactoryBean : Initialized JPA EntityManagerFactory for persistence unit 'default'
2025-07-04 07:59:13.281  WARN 7592 --- [restartedMain] JpaBaseConfiguration$JpaWebConfiguration : spring.jpa.open-in-view is enabled by default. Therefore, database queries may be performed during view rendering. Explicitly configure spring.jpa.open-in-view to disable this warning
2025-07-04 07:59:16.014  INFO 7592 --- [restartedMain] o.s.cloud.commons.util.InetUtils         : Cannot determine local hostname
2025-07-04 07:59:16.832  WARN 7592 --- [restartedMain] o.s.b.d.a.OptionalLiveReloadServer       : Unable to start LiveReload server
2025-07-04 07:59:17.860  INFO 7592 --- [restartedMain] o.s.cloud.commons.util.InetUtils         : Cannot determine local hostname
2025-07-04 07:59:17.870  INFO 7592 --- [restartedMain] DiscoveryClientOptionalArgsConfiguration : Eureka HTTP Client uses RestTemplate.
2025-07-04 07:59:17.973  WARN 7592 --- [restartedMain] iguration$LoadBalancerCaffeineWarnLogger : Spring Cloud LoadBalancer is currently working with the default cache. While this cache implementation is useful for development and tests, it's recommended to use Caffeine cache in production.You can switch to using Caffeine cache, by adding it and org.springframework.cache.caffeine.CaffeineCacheManager to the classpath.
2025-07-04 07:59:17.984  INFO 7592 --- [restartedMain] o.s.b.a.e.web.EndpointLinksResolver      : Exposing 17 endpoint(s) beneath base path '/actuator'
2025-07-04 07:59:18.103  INFO 7592 --- [restartedMain] o.s.b.w.embedded.tomcat.TomcatWebServer  : Tomcat started on port(s): 57280 (http) with context path ''
2025-07-04 07:59:18.105  INFO 7592 --- [restartedMain] .s.c.n.e.s.EurekaAutoServiceRegistration : Updating port to 57280
2025-07-04 07:59:18.111  INFO 7592 --- [restartedMain] o.s.c.n.eureka.InstanceInfoFactory       : Setting initial instance status as: STARTING
2025-07-04 07:59:18.266  INFO 7592 --- [restartedMain] com.netflix.discovery.DiscoveryClient    : Initializing Eureka in region us-east-1
2025-07-04 07:59:18.291  INFO 7592 --- [restartedMain] c.n.d.s.r.aws.ConfigClusterResolver      : Resolving eureka endpoints via configuration
2025-07-04 07:59:18.369  INFO 7592 --- [restartedMain] com.netflix.discovery.DiscoveryClient    : Disable delta property : false
2025-07-04 07:59:18.369  INFO 7592 --- [restartedMain] com.netflix.discovery.DiscoveryClient    : Single vip registry refresh property : null
2025-07-04 07:59:18.369  INFO 7592 --- [restartedMain] com.netflix.discovery.DiscoveryClient    : Force full registry fetch : false
2025-07-04 07:59:18.369  INFO 7592 --- [restartedMain] com.netflix.discovery.DiscoveryClient    : Application is null : false
2025-07-04 07:59:18.370  INFO 7592 --- [restartedMain] com.netflix.discovery.DiscoveryClient    : Registered Applications size is zero : true
2025-07-04 07:59:18.370  INFO 7592 --- [restartedMain] com.netflix.discovery.DiscoveryClient    : Application version is -1: true
2025-07-04 07:59:18.370  INFO 7592 --- [restartedMain] com.netflix.discovery.DiscoveryClient    : Getting all instance registry info from the eureka server
2025-07-04 07:59:18.942  INFO 7592 --- [restartedMain] com.netflix.discovery.DiscoveryClient    : The response status is 200
2025-07-04 07:59:18.945  INFO 7592 --- [restartedMain] com.netflix.discovery.DiscoveryClient    : Starting heartbeat executor: renew interval is: 30
2025-07-04 07:59:18.947  INFO 7592 --- [restartedMain] c.n.discovery.InstanceInfoReplicator     : InstanceInfoReplicator onDemand update allowed rate per min is 4
2025-07-04 07:59:18.953  INFO 7592 --- [restartedMain] com.netflix.discovery.DiscoveryClient    : Discovery Client initialized at timestamp 1751626758952 with initial instances count: 1
2025-07-04 07:59:18.955  INFO 7592 --- [restartedMain] o.s.c.n.e.s.EurekaServiceRegistry        : Registering application MSCLIENTES with eureka with status UP
2025-07-04 07:59:18.956  INFO 7592 --- [restartedMain] com.netflix.discovery.DiscoveryClient    : Saw local status change event StatusChangeEvent [timestamp=1751626758956, current=UP, previous=STARTING]
2025-07-04 07:59:18.958  INFO 7592 --- [DiscoveryClient-InstanceInfoReplicator-0] com.netflix.discovery.DiscoveryClient    : DiscoveryClient_MSCLIENTES/msclientes:d2ea5db654f33c8f0f921344a4893513: registering service...
2025-07-04 07:59:19.086  INFO 7592 --- [DiscoveryClient-InstanceInfoReplicator-0] com.netflix.discovery.DiscoveryClient    : DiscoveryClient_MSCLIENTES/msclientes:d2ea5db654f33c8f0f921344a4893513 - registration status: 204
2025-07-04 07:59:19.964  INFO 7592 --- [restartedMain] o.s.cloud.commons.util.InetUtils         : Cannot determine local hostname
2025-07-04 07:59:19.990  INFO 7592 --- [restartedMain] i.g.f.msclientes.MsclientesApplication   : Started MsclientesApplication in 17.085 seconds (JVM running for 17.957)
2025-07-04 08:04:18.385  INFO 7592 --- [AsyncResolver-bootstrap-executor-0] c.n.d.s.r.aws.ConfigClusterResolver      : Resolving eureka endpoints via configuration
2025-07-04 08:04:29.249  INFO 7592 --- [SpringApplicationShutdownHook] o.s.c.n.e.s.EurekaServiceRegistry        : Unregistering application MSCLIENTES with eureka with status DOWN
2025-07-04 08:04:29.249  INFO 7592 --- [SpringApplicationShutdownHook] com.netflix.discovery.DiscoveryClient    : Saw local status change event StatusChangeEvent [timestamp=1751627069249, current=DOWN, previous=UP]
2025-07-04 08:04:29.249  INFO 7592 --- [DiscoveryClient-InstanceInfoReplicator-0] com.netflix.discovery.DiscoveryClient    : DiscoveryClient_MSCLIENTES/msclientes:d2ea5db654f33c8f0f921344a4893513: registering service...
2025-07-04 08:04:29.261  INFO 7592 --- [DiscoveryClient-InstanceInfoReplicator-0] com.netflix.discovery.DiscoveryClient    : DiscoveryClient_MSCLIENTES/msclientes:d2ea5db654f33c8f0f921344a4893513 - registration status: 204
2025-07-04 08:04:29.269  INFO 7592 --- [SpringApplicationShutdownHook] j.LocalContainerEntityManagerFactoryBean : Closing JPA EntityManagerFactory for persistence unit 'default'
2025-07-04 08:04:29.270  INFO 7592 --- [SpringApplicationShutdownHook] .SchemaDropperImpl$DelayedDropActionImpl : HHH000477: Starting delayed evictData of schema as part of SessionFactory shut-down'
2025-07-04 08:04:29.481  WARN 7592 --- [SpringApplicationShutdownHook] o.s.b.f.support.DisposableBeanAdapter    : Invocation of destroy method failed on bean with name 'inMemoryDatabaseShutdownExecutor': org.h2.jdbc.JdbcSQLNonTransientConnectionException: Database is already closed (to disable automatic closing at VM shutdown, add ";DB_CLOSE_ON_EXIT=FALSE" to the db URL) [90121-212]
2025-07-04 08:04:29.482  INFO 7592 --- [SpringApplicationShutdownHook] com.zaxxer.hikari.HikariDataSource       : HikariPool-1 - Shutdown initiated...
2025-07-04 08:04:29.484  INFO 7592 --- [SpringApplicationShutdownHook] com.zaxxer.hikari.HikariDataSource       : HikariPool-1 - Shutdown completed.
2025-07-04 08:04:29.485  INFO 7592 --- [SpringApplicationShutdownHook] com.netflix.discovery.DiscoveryClient    : Shutting down DiscoveryClient ...
2025-07-04 08:34:33.398  INFO 11720 --- [main] i.g.f.m.MsclientesApplicationTests       : Starting MsclientesApplicationTests using Java 21.0.3 on DESKTOP-4MTB0FR with PID 11720 (started by Snove in C:\Users\Snove\IdeaProjects\FinTech Microservicos\projeto-fintechmicroservicos\msclientes)
2025-07-04 08:34:33.400  INFO 11720 --- [main] i.g.f.m.MsclientesApplicationTests       : The following 1 profile is active: "local"
2025-07-04 08:34:35.282  INFO 11720 --- [main] .s.d.r.c.RepositoryConfigurationDelegate : Bootstrapping Spring Data JPA repositories in DEFAULT mode.
2025-07-04 08:34:35.511  INFO 11720 --- [main] .s.d.r.c.RepositoryConfigurationDelegate : Finished Spring Data repository scanning in 215 ms. Found 1 JPA repository interfaces.
2025-07-04 08:34:35.928  INFO 11720 --- [main] o.s.cloud.context.scope.GenericScope     : BeanFactory id=2cca6a50-5b66-3807-9f5d-1a5a6d111ca5
2025-07-04 08:34:36.847  INFO 11720 --- [main] com.zaxxer.hikari.HikariDataSource       : HikariPool-1 - Starting...
2025-07-04 08:34:37.245  INFO 11720 --- [main] com.zaxxer.hikari.HikariDataSource       : HikariPool-1 - Start completed.
2025-07-04 08:34:37.440  INFO 11720 --- [main] o.hibernate.jpa.internal.util.LogHelper  : HHH000204: Processing PersistenceUnitInfo [name: default]
2025-07-04 08:34:37.656  INFO 11720 --- [main] org.hibernate.Version                    : HHH000412: Hibernate ORM core version 5.6.9.Final
2025-07-04 08:34:37.989  INFO 11720 --- [main] o.hibernate.annotations.common.Version   : HCANN000001: Hibernate Commons Annotations {5.1.2.Final}
2025-07-04 08:34:38.190  INFO 11720 --- [main] org.hibernate.dialect.Dialect            : HHH000400: Using dialect: org.hibernate.dialect.H2Dialect
2025-07-04 08:34:38.970  INFO 11720 --- [main] o.h.e.t.j.p.i.JtaPlatformInitiator       : HHH000490: Using JtaPlatform implementation: [org.hibernate.engine.transaction.jta.platform.internal.NoJtaPlatform]
2025-07-04 08:34:38.984  INFO 11720 --- [main] j.LocalContainerEntityManagerFactoryBean : Initialized JPA EntityManagerFactory for persistence unit 'default'
2025-07-04 08:34:40.568  WARN 11720 --- [main] JpaBaseConfiguration$JpaWebConfiguration : spring.jpa.open-in-view is enabled by default. Therefore, database queries may be performed during view rendering. Explicitly configure spring.jpa.open-in-view to disable this warning
2025-07-04 08:34:44.138  INFO 11720 --- [main] o.s.cloud.commons.util.InetUtils         : Cannot determine local hostname
2025-07-04 08:34:45.820  INFO 11720 --- [main] o.s.cloud.commons.util.InetUtils         : Cannot determine local hostname
2025-07-04 08:34:45.840  INFO 11720 --- [main] DiscoveryClientOptionalArgsConfiguration : Eureka HTTP Client uses RestTemplate.
2025-07-04 08:34:45.980  WARN 11720 --- [main] iguration$LoadBalancerCaffeineWarnLogger : Spring Cloud LoadBalancer is currently working with the default cache. While this cache implementation is useful for development and tests, it's recommended to use Caffeine cache in production.You can switch to using Caffeine cache, by adding it and org.springframework.cache.caffeine.CaffeineCacheManager to the classpath.
2025-07-04 08:34:45.997  INFO 11720 --- [main] o.s.b.a.e.web.EndpointLinksResolver      : Exposing 17 endpoint(s) beneath base path '/actuator'
2025-07-04 08:34:46.105  INFO 11720 --- [main] i.g.f.m.MsclientesApplicationTests       : Started MsclientesApplicationTests in 14.349 seconds (JVM running for 15.703)
2025-07-04 08:34:46.458  INFO 11720 --- [SpringApplicationShutdownHook] o.s.c.n.eureka.InstanceInfoFactory       : Setting initial instance status as: STARTING
2025-07-04 08:34:46.461  INFO 11720 --- [SpringApplicationShutdownHook] o.s.c.n.e.s.EurekaServiceRegistry        : Unregistering application MSCLIENTES with eureka with status DOWN
2025-07-04 08:34:46.470  INFO 11720 --- [SpringApplicationShutdownHook] j.LocalContainerEntityManagerFactoryBean : Closing JPA EntityManagerFactory for persistence unit 'default'
2025-07-04 08:34:46.470  INFO 11720 --- [SpringApplicationShutdownHook] .SchemaDropperImpl$DelayedDropActionImpl : HHH000477: Starting delayed evictData of schema as part of SessionFactory shut-down'
2025-07-04 08:34:46.477  INFO 11720 --- [SpringApplicationShutdownHook] com.zaxxer.hikari.HikariDataSource       : HikariPool-1 - Shutdown initiated...
2025-07-04 08:34:46.488  INFO 11720 --- [SpringApplicationShutdownHook] com.zaxxer.hikari.HikariDataSource       : HikariPool-1 - Shutdown completed.
