2025-06-30 11:02:30.846  INFO 9660 --- [restartedMain] i.g.f.mscartoes.MscartoesApplication     : Starting MscartoesApplication using Java 21.0.1 on DESKTOP-4MTB0FR with PID 9660 (C:\Users\Snove\IdeaProjects\FinTech Microservicos\mscartoes\target\classes started by Snove in C:\Users\Snove\IdeaProjects\FinTech Microservicos\mscartoes)
2025-06-30 11:02:30.847  INFO 9660 --- [restartedMain] i.g.f.mscartoes.MscartoesApplication     : No active profile set, falling back to 1 default profile: "default"
2025-06-30 11:02:30.945  INFO 9660 --- [restartedMain] .e.DevToolsPropertyDefaultsPostProcessor : Devtools property defaults active! Set 'spring.devtools.add-properties' to 'false' to disable
2025-06-30 11:02:30.945  INFO 9660 --- [restartedMain] .e.DevToolsPropertyDefaultsPostProcessor : For additional web related logging consider setting the 'logging.level.web' property to 'DEBUG'
2025-06-30 11:02:32.791  INFO 9660 --- [restartedMain] .s.d.r.c.RepositoryConfigurationDelegate : Bootstrapping Spring Data JPA repositories in DEFAULT mode.
2025-06-30 11:02:33.048  INFO 9660 --- [restartedMain] .s.d.r.c.RepositoryConfigurationDelegate : Finished Spring Data repository scanning in 243 ms. Found 2 JPA repository interfaces.
2025-06-30 11:02:33.521  INFO 9660 --- [restartedMain] o.s.cloud.context.scope.GenericScope     : BeanFactory id=b36e74dc-5b1f-37ad-9786-43ed33f1092b
2025-06-30 11:02:34.846  INFO 9660 --- [restartedMain] o.s.b.w.embedded.tomcat.TomcatWebServer  : Tomcat initialized with port(s): 0 (http)
2025-06-30 11:02:34.863  INFO 9660 --- [restartedMain] o.apache.catalina.core.StandardService   : Starting service [Tomcat]
2025-06-30 11:02:34.863  INFO 9660 --- [restartedMain] org.apache.catalina.core.StandardEngine  : Starting Servlet engine: [Apache Tomcat/9.0.60]
2025-06-30 11:02:35.045  INFO 9660 --- [restartedMain] o.a.c.c.C.[Tomcat].[localhost].[/]       : Initializing Spring embedded WebApplicationContext
2025-06-30 11:02:35.045  INFO 9660 --- [restartedMain] w.s.c.ServletWebServerApplicationContext : Root WebApplicationContext: initialization completed in 4099 ms
2025-06-30 11:02:35.432  INFO 9660 --- [restartedMain] com.zaxxer.hikari.HikariDataSource       : HikariPool-1 - Starting...
2025-06-30 11:02:35.850  INFO 9660 --- [restartedMain] com.zaxxer.hikari.HikariDataSource       : HikariPool-1 - Start completed.
2025-06-30 11:02:35.875  INFO 9660 --- [restartedMain] o.s.b.a.h2.H2ConsoleAutoConfiguration    : H2 console available at '/h2-console'. Database available at 'jdbc:h2:mem:8f9287fe-e432-47c1-af22-4ddd39e32b47'
2025-06-30 11:02:36.793  INFO 9660 --- [restartedMain] o.hibernate.jpa.internal.util.LogHelper  : HHH000204: Processing PersistenceUnitInfo [name: default]
2025-06-30 11:02:37.053  INFO 9660 --- [restartedMain] org.hibernate.Version                    : HHH000412: Hibernate ORM core version 5.6.7.Final
2025-06-30 11:02:37.826  INFO 9660 --- [restartedMain] o.hibernate.annotations.common.Version   : HCANN000001: Hibernate Commons Annotations {5.1.2.Final}
2025-06-30 11:02:38.039  INFO 9660 --- [restartedMain] org.hibernate.dialect.Dialect            : HHH000400: Using dialect: org.hibernate.dialect.H2Dialect
2025-06-30 11:02:38.805  INFO 9660 --- [restartedMain] o.h.e.t.j.p.i.JtaPlatformInitiator       : HHH000490: Using JtaPlatform implementation: [org.hibernate.engine.transaction.jta.platform.internal.NoJtaPlatform]
2025-06-30 11:02:38.819  INFO 9660 --- [restartedMain] j.LocalContainerEntityManagerFactoryBean : Initialized JPA EntityManagerFactory for persistence unit 'default'
2025-06-30 11:02:39.832  WARN 9660 --- [restartedMain] JpaBaseConfiguration$JpaWebConfiguration : spring.jpa.open-in-view is enabled by default. Therefore, database queries may be performed during view rendering. Explicitly configure spring.jpa.open-in-view to disable this warning
2025-06-30 11:02:43.761  INFO 9660 --- [restartedMain] o.s.cloud.commons.util.InetUtils         : Cannot determine local hostname
2025-06-30 11:02:44.160  WARN 9660 --- [restartedMain] o.s.b.d.a.OptionalLiveReloadServer       : Unable to start LiveReload server
2025-06-30 11:02:45.175  INFO 9660 --- [restartedMain] o.s.cloud.commons.util.InetUtils         : Cannot determine local hostname
2025-06-30 11:02:45.183  INFO 9660 --- [restartedMain] DiscoveryClientOptionalArgsConfiguration : Eureka HTTP Client uses RestTemplate.
2025-06-30 11:02:45.271  WARN 9660 --- [restartedMain] iguration$LoadBalancerCaffeineWarnLogger : Spring Cloud LoadBalancer is currently working with the default cache. While this cache implementation is useful for development and tests, it's recommended to use Caffeine cache in production.You can switch to using Caffeine cache, by adding it and org.springframework.cache.caffeine.CaffeineCacheManager to the classpath.
2025-06-30 11:02:45.280  INFO 9660 --- [restartedMain] o.s.b.a.e.web.EndpointLinksResolver      : Exposing 17 endpoint(s) beneath base path '/actuator'
2025-06-30 11:02:45.377  INFO 9660 --- [restartedMain] o.s.b.w.embedded.tomcat.TomcatWebServer  : Tomcat started on port(s): 54483 (http) with context path ''
2025-06-30 11:02:45.379  INFO 9660 --- [restartedMain] .s.c.n.e.s.EurekaAutoServiceRegistration : Updating port to 54483
2025-06-30 11:02:45.387  INFO 9660 --- [restartedMain] o.s.c.n.eureka.InstanceInfoFactory       : Setting initial instance status as: STARTING
2025-06-30 11:02:45.517  INFO 9660 --- [restartedMain] com.netflix.discovery.DiscoveryClient    : Initializing Eureka in region us-east-1
2025-06-30 11:02:45.526  INFO 9660 --- [restartedMain] c.n.d.s.r.aws.ConfigClusterResolver      : Resolving eureka endpoints via configuration
2025-06-30 11:02:45.561  INFO 9660 --- [restartedMain] com.netflix.discovery.DiscoveryClient    : Disable delta property : false
2025-06-30 11:02:45.562  INFO 9660 --- [restartedMain] com.netflix.discovery.DiscoveryClient    : Single vip registry refresh property : null
2025-06-30 11:02:45.562  INFO 9660 --- [restartedMain] com.netflix.discovery.DiscoveryClient    : Force full registry fetch : false
2025-06-30 11:02:45.562  INFO 9660 --- [restartedMain] com.netflix.discovery.DiscoveryClient    : Application is null : false
2025-06-30 11:02:45.562  INFO 9660 --- [restartedMain] com.netflix.discovery.DiscoveryClient    : Registered Applications size is zero : true
2025-06-30 11:02:45.562  INFO 9660 --- [restartedMain] com.netflix.discovery.DiscoveryClient    : Application version is -1: true
2025-06-30 11:02:45.562  INFO 9660 --- [restartedMain] com.netflix.discovery.DiscoveryClient    : Getting all instance registry info from the eureka server
2025-06-30 11:02:45.980  INFO 9660 --- [restartedMain] com.netflix.discovery.DiscoveryClient    : The response status is 200
2025-06-30 11:02:45.983  INFO 9660 --- [restartedMain] com.netflix.discovery.DiscoveryClient    : Starting heartbeat executor: renew interval is: 30
2025-06-30 11:02:45.986  INFO 9660 --- [restartedMain] c.n.discovery.InstanceInfoReplicator     : InstanceInfoReplicator onDemand update allowed rate per min is 4
2025-06-30 11:02:45.992  INFO 9660 --- [restartedMain] com.netflix.discovery.DiscoveryClient    : Discovery Client initialized at timestamp 1751292165991 with initial instances count: 2
2025-06-30 11:02:45.994  INFO 9660 --- [restartedMain] o.s.c.n.e.s.EurekaServiceRegistry        : Registering application MSCARTOES with eureka with status UP
2025-06-30 11:02:45.995  INFO 9660 --- [restartedMain] com.netflix.discovery.DiscoveryClient    : Saw local status change event StatusChangeEvent [timestamp=1751292165995, current=UP, previous=STARTING]
2025-06-30 11:02:45.997  INFO 9660 --- [DiscoveryClient-InstanceInfoReplicator-0] com.netflix.discovery.DiscoveryClient    : DiscoveryClient_MSCARTOES/mscartoes:964c7a38934bd1b48bfafa9fd095bc9c: registering service...
2025-06-30 11:02:46.126  INFO 9660 --- [DiscoveryClient-InstanceInfoReplicator-0] com.netflix.discovery.DiscoveryClient    : DiscoveryClient_MSCARTOES/mscartoes:964c7a38934bd1b48bfafa9fd095bc9c - registration status: 204
2025-06-30 11:02:47.018  INFO 9660 --- [restartedMain] o.s.cloud.commons.util.InetUtils         : Cannot determine local hostname
2025-06-30 11:02:47.021  INFO 9660 --- [restartedMain] o.s.a.r.c.CachingConnectionFactory       : Attempting to connect to: [localhost:5672]
2025-06-30 11:02:47.094  INFO 9660 --- [restartedMain] o.s.a.r.c.CachingConnectionFactory       : Created new connection: rabbitConnectionFactory#34adb6bc:0/SimpleConnection@3169aa48 [delegate=amqp://guest@127.0.0.1:5672/, localPort= 54488]
2025-06-30 11:02:47.172  INFO 9660 --- [restartedMain] i.g.f.mscartoes.MscartoesApplication     : Started MscartoesApplication in 18.059 seconds (JVM running for 18.965)
2025-06-30 11:03:55.110  INFO 9660 --- [http-nio-auto-1-exec-1] o.a.c.c.C.[Tomcat].[localhost].[/]       : Initializing Spring DispatcherServlet 'dispatcherServlet'
2025-06-30 11:03:55.111  INFO 9660 --- [http-nio-auto-1-exec-1] o.s.web.servlet.DispatcherServlet        : Initializing Servlet 'dispatcherServlet'
2025-06-30 11:03:55.113  INFO 9660 --- [http-nio-auto-1-exec-1] o.s.web.servlet.DispatcherServlet        : Completed initialization in 2 ms
2025-06-30 11:04:05.417  INFO 9660 --- [http-nio-auto-1-exec-3] o.springdoc.api.AbstractOpenApiResource  : Init duration for springdoc-openapi is: 193 ms
2025-06-30 11:05:24.956  INFO 9660 --- [SpringApplicationShutdownHook] o.s.c.n.e.s.EurekaServiceRegistry        : Unregistering application MSCARTOES with eureka with status DOWN
2025-06-30 11:05:24.956  INFO 9660 --- [SpringApplicationShutdownHook] com.netflix.discovery.DiscoveryClient    : Saw local status change event StatusChangeEvent [timestamp=1751292324956, current=DOWN, previous=UP]
2025-06-30 11:05:24.957  INFO 9660 --- [DiscoveryClient-InstanceInfoReplicator-0] com.netflix.discovery.DiscoveryClient    : DiscoveryClient_MSCARTOES/mscartoes:964c7a38934bd1b48bfafa9fd095bc9c: registering service...
2025-06-30 11:05:24.964  INFO 9660 --- [SpringApplicationShutdownHook] o.s.a.r.l.SimpleMessageListenerContainer : Waiting for workers to finish.
2025-06-30 11:05:24.967  INFO 9660 --- [DiscoveryClient-InstanceInfoReplicator-0] com.netflix.discovery.DiscoveryClient    : DiscoveryClient_MSCARTOES/mscartoes:964c7a38934bd1b48bfafa9fd095bc9c - registration status: 204
2025-06-30 11:05:25.704  INFO 9660 --- [SpringApplicationShutdownHook] o.s.a.r.l.SimpleMessageListenerContainer : Successfully waited for workers to finish.
2025-06-30 11:05:25.736  INFO 9660 --- [SpringApplicationShutdownHook] j.LocalContainerEntityManagerFactoryBean : Closing JPA EntityManagerFactory for persistence unit 'default'
2025-06-30 11:05:25.736  INFO 9660 --- [SpringApplicationShutdownHook] .SchemaDropperImpl$DelayedDropActionImpl : HHH000477: Starting delayed evictData of schema as part of SessionFactory shut-down'
2025-06-30 11:05:25.966  WARN 9660 --- [SpringApplicationShutdownHook] o.s.b.f.support.DisposableBeanAdapter    : Invocation of destroy method failed on bean with name 'inMemoryDatabaseShutdownExecutor': org.h2.jdbc.JdbcSQLNonTransientConnectionException: Database is already closed (to disable automatic closing at VM shutdown, add ";DB_CLOSE_ON_EXIT=FALSE" to the db URL) [90121-200]
2025-06-30 11:05:25.968  INFO 9660 --- [SpringApplicationShutdownHook] com.zaxxer.hikari.HikariDataSource       : HikariPool-1 - Shutdown initiated...
2025-06-30 11:05:25.970  INFO 9660 --- [SpringApplicationShutdownHook] com.zaxxer.hikari.HikariDataSource       : HikariPool-1 - Shutdown completed.
2025-06-30 11:05:25.971  INFO 9660 --- [SpringApplicationShutdownHook] com.netflix.discovery.DiscoveryClient    : Shutting down DiscoveryClient ...
2025-06-30 11:05:28.988  INFO 9660 --- [SpringApplicationShutdownHook] com.netflix.discovery.DiscoveryClient    : Unregistering ...
2025-06-30 11:05:29.004  INFO 9660 --- [SpringApplicationShutdownHook] com.netflix.discovery.DiscoveryClient    : DiscoveryClient_MSCARTOES/mscartoes:964c7a38934bd1b48bfafa9fd095bc9c - deregister  status: 200
2025-06-30 11:05:29.010  INFO 9660 --- [SpringApplicationShutdownHook] com.netflix.discovery.DiscoveryClient    : Completed shut down of DiscoveryClient
