2025-06-30 10:49:49.280  INFO 1840 --- [restartedMain] i.g.f.msclientes.MsclientesApplication   : Starting MsclientesApplication using Java 21.0.1 on DESKTOP-4MTB0FR with PID 1840 (C:\Users\Snove\IdeaProjects\FinTech Microservicos\msclientes\target\classes started by Snove in C:\Users\Snove\IdeaProjects\FinTech Microservicos\msclientes)
2025-06-30 10:49:49.283  INFO 1840 --- [restartedMain] i.g.f.msclientes.MsclientesApplication   : No active profile set, falling back to 1 default profile: "default"
2025-06-30 10:49:49.393  INFO 1840 --- [restartedMain] .e.DevToolsPropertyDefaultsPostProcessor : Devtools property defaults active! Set 'spring.devtools.add-properties' to 'false' to disable
2025-06-30 10:49:49.393  INFO 1840 --- [restartedMain] .e.DevToolsPropertyDefaultsPostProcessor : For additional web related logging consider setting the 'logging.level.web' property to 'DEBUG'
2025-06-30 10:49:50.867  INFO 1840 --- [restartedMain] .s.d.r.c.RepositoryConfigurationDelegate : Bootstrapping Spring Data JPA repositories in DEFAULT mode.
2025-06-30 10:49:51.076  INFO 1840 --- [restartedMain] .s.d.r.c.RepositoryConfigurationDelegate : Finished Spring Data repository scanning in 190 ms. Found 1 JPA repository interfaces.
2025-06-30 10:49:51.518  INFO 1840 --- [restartedMain] o.s.cloud.context.scope.GenericScope     : BeanFactory id=6d8b2648-ed81-3ad3-bb9f-1888ace62b44
2025-06-30 10:49:53.254  INFO 1840 --- [restartedMain] o.s.b.w.embedded.tomcat.TomcatWebServer  : Tomcat initialized with port(s): 0 (http)
2025-06-30 10:49:53.284  INFO 1840 --- [restartedMain] o.apache.catalina.core.StandardService   : Starting service [Tomcat]
2025-06-30 10:49:53.285  INFO 1840 --- [restartedMain] org.apache.catalina.core.StandardEngine  : Starting Servlet engine: [Apache Tomcat/9.0.60]
2025-06-30 10:49:53.475  INFO 1840 --- [restartedMain] o.a.c.c.C.[Tomcat].[localhost].[/]       : Initializing Spring embedded WebApplicationContext
2025-06-30 10:49:53.475  INFO 1840 --- [restartedMain] w.s.c.ServletWebServerApplicationContext : Root WebApplicationContext: initialization completed in 4081 ms
2025-06-30 10:49:53.679  INFO 1840 --- [restartedMain] com.zaxxer.hikari.HikariDataSource       : HikariPool-1 - Starting...
2025-06-30 10:49:54.070  INFO 1840 --- [restartedMain] com.zaxxer.hikari.HikariDataSource       : HikariPool-1 - Start completed.
2025-06-30 10:49:54.086  INFO 1840 --- [restartedMain] o.s.b.a.h2.H2ConsoleAutoConfiguration    : H2 console available at '/h2-console'. Database available at 'jdbc:h2:mem:75ed8a03-c711-42af-ae50-f8997a939ea3'
2025-06-30 10:49:54.837  INFO 1840 --- [restartedMain] o.hibernate.jpa.internal.util.LogHelper  : HHH000204: Processing PersistenceUnitInfo [name: default]
2025-06-30 10:49:55.008  INFO 1840 --- [restartedMain] org.hibernate.Version                    : HHH000412: Hibernate ORM core version 5.6.7.Final
2025-06-30 10:49:55.292  INFO 1840 --- [restartedMain] o.hibernate.annotations.common.Version   : HCANN000001: Hibernate Commons Annotations {5.1.2.Final}
2025-06-30 10:49:55.464  INFO 1840 --- [restartedMain] org.hibernate.dialect.Dialect            : HHH000400: Using dialect: org.hibernate.dialect.H2Dialect
2025-06-30 10:49:56.166  INFO 1840 --- [restartedMain] o.h.e.t.j.p.i.JtaPlatformInitiator       : HHH000490: Using JtaPlatform implementation: [org.hibernate.engine.transaction.jta.platform.internal.NoJtaPlatform]
2025-06-30 10:49:56.177  INFO 1840 --- [restartedMain] j.LocalContainerEntityManagerFactoryBean : Initialized JPA EntityManagerFactory for persistence unit 'default'
2025-06-30 10:49:56.695  WARN 1840 --- [restartedMain] JpaBaseConfiguration$JpaWebConfiguration : spring.jpa.open-in-view is enabled by default. Therefore, database queries may be performed during view rendering. Explicitly configure spring.jpa.open-in-view to disable this warning
2025-06-30 10:49:58.296  INFO 1840 --- [restartedMain] o.s.cloud.commons.util.InetUtils         : Cannot determine local hostname
2025-06-30 10:49:58.846  INFO 1840 --- [restartedMain] o.s.b.d.a.OptionalLiveReloadServer       : LiveReload server is running on port 35729
2025-06-30 10:49:59.866  INFO 1840 --- [restartedMain] o.s.cloud.commons.util.InetUtils         : Cannot determine local hostname
2025-06-30 10:49:59.875  INFO 1840 --- [restartedMain] DiscoveryClientOptionalArgsConfiguration : Eureka HTTP Client uses RestTemplate.
2025-06-30 10:49:59.948  WARN 1840 --- [restartedMain] iguration$LoadBalancerCaffeineWarnLogger : Spring Cloud LoadBalancer is currently working with the default cache. While this cache implementation is useful for development and tests, it's recommended to use Caffeine cache in production.You can switch to using Caffeine cache, by adding it and org.springframework.cache.caffeine.CaffeineCacheManager to the classpath.
2025-06-30 10:49:59.957  INFO 1840 --- [restartedMain] o.s.b.a.e.web.EndpointLinksResolver      : Exposing 17 endpoint(s) beneath base path '/actuator'
2025-06-30 10:50:00.039  INFO 1840 --- [restartedMain] o.s.b.w.embedded.tomcat.TomcatWebServer  : Tomcat started on port(s): 53986 (http) with context path ''
2025-06-30 10:50:00.042  INFO 1840 --- [restartedMain] .s.c.n.e.s.EurekaAutoServiceRegistration : Updating port to 53986
2025-06-30 10:50:00.048  INFO 1840 --- [restartedMain] o.s.c.n.eureka.InstanceInfoFactory       : Setting initial instance status as: STARTING
2025-06-30 10:50:00.204  INFO 1840 --- [restartedMain] com.netflix.discovery.DiscoveryClient    : Initializing Eureka in region us-east-1
2025-06-30 10:50:00.216  INFO 1840 --- [restartedMain] c.n.d.s.r.aws.ConfigClusterResolver      : Resolving eureka endpoints via configuration
2025-06-30 10:50:00.256  INFO 1840 --- [restartedMain] com.netflix.discovery.DiscoveryClient    : Disable delta property : false
2025-06-30 10:50:00.257  INFO 1840 --- [restartedMain] com.netflix.discovery.DiscoveryClient    : Single vip registry refresh property : null
2025-06-30 10:50:00.257  INFO 1840 --- [restartedMain] com.netflix.discovery.DiscoveryClient    : Force full registry fetch : false
2025-06-30 10:50:00.257  INFO 1840 --- [restartedMain] com.netflix.discovery.DiscoveryClient    : Application is null : false
2025-06-30 10:50:00.257  INFO 1840 --- [restartedMain] com.netflix.discovery.DiscoveryClient    : Registered Applications size is zero : true
2025-06-30 10:50:00.258  INFO 1840 --- [restartedMain] com.netflix.discovery.DiscoveryClient    : Application version is -1: true
2025-06-30 10:50:00.258  INFO 1840 --- [restartedMain] com.netflix.discovery.DiscoveryClient    : Getting all instance registry info from the eureka server
2025-06-30 10:50:00.810  INFO 1840 --- [restartedMain] com.netflix.discovery.DiscoveryClient    : The response status is 200
2025-06-30 10:50:00.813  INFO 1840 --- [restartedMain] com.netflix.discovery.DiscoveryClient    : Starting heartbeat executor: renew interval is: 30
2025-06-30 10:50:00.816  INFO 1840 --- [restartedMain] c.n.discovery.InstanceInfoReplicator     : InstanceInfoReplicator onDemand update allowed rate per min is 4
2025-06-30 10:50:00.822  INFO 1840 --- [restartedMain] com.netflix.discovery.DiscoveryClient    : Discovery Client initialized at timestamp 1751291400821 with initial instances count: 3
2025-06-30 10:50:00.824  INFO 1840 --- [restartedMain] o.s.c.n.e.s.EurekaServiceRegistry        : Registering application MSCLIENTES with eureka with status UP
2025-06-30 10:50:00.825  INFO 1840 --- [restartedMain] com.netflix.discovery.DiscoveryClient    : Saw local status change event StatusChangeEvent [timestamp=1751291400825, current=UP, previous=STARTING]
2025-06-30 10:50:00.827  INFO 1840 --- [DiscoveryClient-InstanceInfoReplicator-0] com.netflix.discovery.DiscoveryClient    : DiscoveryClient_MSCLIENTES/msclientes:00b1d7f43cd233be3e976676c1fd5586: registering service...
2025-06-30 10:50:00.959  INFO 1840 --- [DiscoveryClient-InstanceInfoReplicator-0] com.netflix.discovery.DiscoveryClient    : DiscoveryClient_MSCLIENTES/msclientes:00b1d7f43cd233be3e976676c1fd5586 - registration status: 204
2025-06-30 10:50:01.843  INFO 1840 --- [restartedMain] o.s.cloud.commons.util.InetUtils         : Cannot determine local hostname
2025-06-30 10:50:01.861  INFO 1840 --- [restartedMain] i.g.f.msclientes.MsclientesApplication   : Started MsclientesApplication in 14.363 seconds (JVM running for 15.227)
2025-06-30 10:52:02.181  INFO 1840 --- [http-nio-auto-1-exec-1] o.a.c.c.C.[Tomcat].[localhost].[/]       : Initializing Spring DispatcherServlet 'dispatcherServlet'
2025-06-30 10:52:02.182  INFO 1840 --- [http-nio-auto-1-exec-1] o.s.web.servlet.DispatcherServlet        : Initializing Servlet 'dispatcherServlet'
2025-06-30 10:52:02.184  INFO 1840 --- [http-nio-auto-1-exec-1] o.s.web.servlet.DispatcherServlet        : Completed initialization in 2 ms
2025-06-30 10:55:00.262  INFO 1840 --- [AsyncResolver-bootstrap-executor-0] c.n.d.s.r.aws.ConfigClusterResolver      : Resolving eureka endpoints via configuration
2025-06-30 10:56:16.970  INFO 1840 --- [SpringApplicationShutdownHook] o.s.c.n.e.s.EurekaServiceRegistry        : Unregistering application MSCLIENTES with eureka with status DOWN
2025-06-30 10:56:16.971  INFO 1840 --- [SpringApplicationShutdownHook] com.netflix.discovery.DiscoveryClient    : Saw local status change event StatusChangeEvent [timestamp=1751291776971, current=DOWN, previous=UP]
2025-06-30 10:56:16.972  INFO 1840 --- [DiscoveryClient-InstanceInfoReplicator-0] com.netflix.discovery.DiscoveryClient    : DiscoveryClient_MSCLIENTES/msclientes:00b1d7f43cd233be3e976676c1fd5586: registering service...
2025-06-30 10:56:16.990  INFO 1840 --- [SpringApplicationShutdownHook] j.LocalContainerEntityManagerFactoryBean : Closing JPA EntityManagerFactory for persistence unit 'default'
2025-06-30 10:56:16.991  INFO 1840 --- [SpringApplicationShutdownHook] .SchemaDropperImpl$DelayedDropActionImpl : HHH000477: Starting delayed evictData of schema as part of SessionFactory shut-down'
2025-06-30 10:56:16.991  INFO 1840 --- [DiscoveryClient-InstanceInfoReplicator-0] com.netflix.discovery.DiscoveryClient    : DiscoveryClient_MSCLIENTES/msclientes:00b1d7f43cd233be3e976676c1fd5586 - registration status: 204
2025-06-30 10:56:17.207  WARN 1840 --- [SpringApplicationShutdownHook] o.s.b.f.support.DisposableBeanAdapter    : Invocation of destroy method failed on bean with name 'inMemoryDatabaseShutdownExecutor': org.h2.jdbc.JdbcSQLNonTransientConnectionException: Database is already closed (to disable automatic closing at VM shutdown, add ";DB_CLOSE_ON_EXIT=FALSE" to the db URL) [90121-200]
2025-06-30 10:56:17.209  INFO 1840 --- [SpringApplicationShutdownHook] com.zaxxer.hikari.HikariDataSource       : HikariPool-1 - Shutdown initiated...
2025-06-30 10:56:17.212  INFO 1840 --- [SpringApplicationShutdownHook] com.zaxxer.hikari.HikariDataSource       : HikariPool-1 - Shutdown completed.
2025-06-30 10:56:17.216  INFO 1840 --- [SpringApplicationShutdownHook] com.netflix.discovery.DiscoveryClient    : Shutting down DiscoveryClient ...
2025-06-30 10:56:20.221  INFO 1840 --- [SpringApplicationShutdownHook] com.netflix.discovery.DiscoveryClient    : Unregistering ...
2025-06-30 10:56:20.238  INFO 1840 --- [SpringApplicationShutdownHook] com.netflix.discovery.DiscoveryClient    : DiscoveryClient_MSCLIENTES/msclientes:00b1d7f43cd233be3e976676c1fd5586 - deregister  status: 200
2025-06-30 10:56:20.243  INFO 1840 --- [SpringApplicationShutdownHook] com.netflix.discovery.DiscoveryClient    : Completed shut down of DiscoveryClient
2025-06-30 10:56:59.492  INFO 20036 --- [restartedMain] i.g.f.msclientes.MsclientesApplication   : Starting MsclientesApplication using Java 21.0.1 on DESKTOP-4MTB0FR with PID 20036 (C:\Users\Snove\IdeaProjects\FinTech Microservicos\msclientes\target\classes started by Snove in C:\Users\Snove\IdeaProjects\FinTech Microservicos\msclientes)
2025-06-30 10:56:59.494  INFO 20036 --- [restartedMain] i.g.f.msclientes.MsclientesApplication   : No active profile set, falling back to 1 default profile: "default"
2025-06-30 10:56:59.607  INFO 20036 --- [restartedMain] .e.DevToolsPropertyDefaultsPostProcessor : Devtools property defaults active! Set 'spring.devtools.add-properties' to 'false' to disable
2025-06-30 10:56:59.607  INFO 20036 --- [restartedMain] .e.DevToolsPropertyDefaultsPostProcessor : For additional web related logging consider setting the 'logging.level.web' property to 'DEBUG'
2025-06-30 10:57:01.358  INFO 20036 --- [restartedMain] .s.d.r.c.RepositoryConfigurationDelegate : Bootstrapping Spring Data JPA repositories in DEFAULT mode.
2025-06-30 10:57:01.551  INFO 20036 --- [restartedMain] .s.d.r.c.RepositoryConfigurationDelegate : Finished Spring Data repository scanning in 182 ms. Found 1 JPA repository interfaces.
2025-06-30 10:57:02.045  INFO 20036 --- [restartedMain] o.s.cloud.context.scope.GenericScope     : BeanFactory id=c07a38f8-74f4-3bf2-8871-48c18fbaf4ee
2025-06-30 10:57:03.909  INFO 20036 --- [restartedMain] o.s.b.w.embedded.tomcat.TomcatWebServer  : Tomcat initialized with port(s): 0 (http)
2025-06-30 10:57:03.945  INFO 20036 --- [restartedMain] o.apache.catalina.core.StandardService   : Starting service [Tomcat]
2025-06-30 10:57:03.946  INFO 20036 --- [restartedMain] org.apache.catalina.core.StandardEngine  : Starting Servlet engine: [Apache Tomcat/9.0.60]
2025-06-30 10:57:04.119  INFO 20036 --- [restartedMain] o.a.c.c.C.[Tomcat].[localhost].[/]       : Initializing Spring embedded WebApplicationContext
2025-06-30 10:57:04.120  INFO 20036 --- [restartedMain] w.s.c.ServletWebServerApplicationContext : Root WebApplicationContext: initialization completed in 4513 ms
2025-06-30 10:57:04.555  INFO 20036 --- [restartedMain] com.zaxxer.hikari.HikariDataSource       : HikariPool-1 - Starting...
2025-06-30 10:57:05.021  INFO 20036 --- [restartedMain] com.zaxxer.hikari.HikariDataSource       : HikariPool-1 - Start completed.
2025-06-30 10:57:05.056  INFO 20036 --- [restartedMain] o.s.b.a.h2.H2ConsoleAutoConfiguration    : H2 console available at '/h2-console'. Database available at 'jdbc:h2:mem:4376786b-e144-48a0-b0c0-0ca3c3d513ff'
2025-06-30 10:57:06.168  INFO 20036 --- [restartedMain] o.hibernate.jpa.internal.util.LogHelper  : HHH000204: Processing PersistenceUnitInfo [name: default]
2025-06-30 10:57:06.665  INFO 20036 --- [restartedMain] org.hibernate.Version                    : HHH000412: Hibernate ORM core version 5.6.7.Final
2025-06-30 10:57:07.371  INFO 20036 --- [restartedMain] o.hibernate.annotations.common.Version   : HCANN000001: Hibernate Commons Annotations {5.1.2.Final}
2025-06-30 10:57:07.573  INFO 20036 --- [restartedMain] org.hibernate.dialect.Dialect            : HHH000400: Using dialect: org.hibernate.dialect.H2Dialect
2025-06-30 10:57:08.352  INFO 20036 --- [restartedMain] o.h.e.t.j.p.i.JtaPlatformInitiator       : HHH000490: Using JtaPlatform implementation: [org.hibernate.engine.transaction.jta.platform.internal.NoJtaPlatform]
2025-06-30 10:57:08.363  INFO 20036 --- [restartedMain] j.LocalContainerEntityManagerFactoryBean : Initialized JPA EntityManagerFactory for persistence unit 'default'
2025-06-30 10:57:09.106  WARN 20036 --- [restartedMain] JpaBaseConfiguration$JpaWebConfiguration : spring.jpa.open-in-view is enabled by default. Therefore, database queries may be performed during view rendering. Explicitly configure spring.jpa.open-in-view to disable this warning
2025-06-30 10:57:12.066  INFO 20036 --- [restartedMain] o.s.cloud.commons.util.InetUtils         : Cannot determine local hostname
2025-06-30 10:57:12.629  INFO 20036 --- [restartedMain] o.s.b.d.a.OptionalLiveReloadServer       : LiveReload server is running on port 35729
2025-06-30 10:57:13.655  INFO 20036 --- [restartedMain] o.s.cloud.commons.util.InetUtils         : Cannot determine local hostname
2025-06-30 10:57:13.663  INFO 20036 --- [restartedMain] DiscoveryClientOptionalArgsConfiguration : Eureka HTTP Client uses RestTemplate.
2025-06-30 10:57:13.736  WARN 20036 --- [restartedMain] iguration$LoadBalancerCaffeineWarnLogger : Spring Cloud LoadBalancer is currently working with the default cache. While this cache implementation is useful for development and tests, it's recommended to use Caffeine cache in production.You can switch to using Caffeine cache, by adding it and org.springframework.cache.caffeine.CaffeineCacheManager to the classpath.
2025-06-30 10:57:13.743  INFO 20036 --- [restartedMain] o.s.b.a.e.web.EndpointLinksResolver      : Exposing 17 endpoint(s) beneath base path '/actuator'
2025-06-30 10:57:13.824  INFO 20036 --- [restartedMain] o.s.b.w.embedded.tomcat.TomcatWebServer  : Tomcat started on port(s): 54334 (http) with context path ''
2025-06-30 10:57:13.826  INFO 20036 --- [restartedMain] .s.c.n.e.s.EurekaAutoServiceRegistration : Updating port to 54334
2025-06-30 10:57:13.835  INFO 20036 --- [restartedMain] o.s.c.n.eureka.InstanceInfoFactory       : Setting initial instance status as: STARTING
2025-06-30 10:57:13.993  INFO 20036 --- [restartedMain] com.netflix.discovery.DiscoveryClient    : Initializing Eureka in region us-east-1
2025-06-30 10:57:14.009  INFO 20036 --- [restartedMain] c.n.d.s.r.aws.ConfigClusterResolver      : Resolving eureka endpoints via configuration
2025-06-30 10:57:14.068  INFO 20036 --- [restartedMain] com.netflix.discovery.DiscoveryClient    : Disable delta property : false
2025-06-30 10:57:14.068  INFO 20036 --- [restartedMain] com.netflix.discovery.DiscoveryClient    : Single vip registry refresh property : null
2025-06-30 10:57:14.069  INFO 20036 --- [restartedMain] com.netflix.discovery.DiscoveryClient    : Force full registry fetch : false
2025-06-30 10:57:14.069  INFO 20036 --- [restartedMain] com.netflix.discovery.DiscoveryClient    : Application is null : false
2025-06-30 10:57:14.069  INFO 20036 --- [restartedMain] com.netflix.discovery.DiscoveryClient    : Registered Applications size is zero : true
2025-06-30 10:57:14.069  INFO 20036 --- [restartedMain] com.netflix.discovery.DiscoveryClient    : Application version is -1: true
2025-06-30 10:57:14.069  INFO 20036 --- [restartedMain] com.netflix.discovery.DiscoveryClient    : Getting all instance registry info from the eureka server
2025-06-30 10:57:14.596  INFO 20036 --- [restartedMain] com.netflix.discovery.DiscoveryClient    : The response status is 200
2025-06-30 10:57:14.600  INFO 20036 --- [restartedMain] com.netflix.discovery.DiscoveryClient    : Starting heartbeat executor: renew interval is: 30
2025-06-30 10:57:14.604  INFO 20036 --- [restartedMain] c.n.discovery.InstanceInfoReplicator     : InstanceInfoReplicator onDemand update allowed rate per min is 4
2025-06-30 10:57:14.610  INFO 20036 --- [restartedMain] com.netflix.discovery.DiscoveryClient    : Discovery Client initialized at timestamp 1751291834608 with initial instances count: 3
2025-06-30 10:57:14.612  INFO 20036 --- [restartedMain] o.s.c.n.e.s.EurekaServiceRegistry        : Registering application MSCLIENTES with eureka with status UP
2025-06-30 10:57:14.613  INFO 20036 --- [restartedMain] com.netflix.discovery.DiscoveryClient    : Saw local status change event StatusChangeEvent [timestamp=1751291834613, current=UP, previous=STARTING]
2025-06-30 10:57:14.615  INFO 20036 --- [DiscoveryClient-InstanceInfoReplicator-0] com.netflix.discovery.DiscoveryClient    : DiscoveryClient_MSCLIENTES/msclientes:7919515474f94ccd97edcf0b29ae3e75: registering service...
2025-06-30 10:57:14.750  INFO 20036 --- [DiscoveryClient-InstanceInfoReplicator-0] com.netflix.discovery.DiscoveryClient    : DiscoveryClient_MSCLIENTES/msclientes:7919515474f94ccd97edcf0b29ae3e75 - registration status: 204
2025-06-30 10:57:15.634  INFO 20036 --- [restartedMain] o.s.cloud.commons.util.InetUtils         : Cannot determine local hostname
2025-06-30 10:57:15.653  INFO 20036 --- [restartedMain] i.g.f.msclientes.MsclientesApplication   : Started MsclientesApplication in 17.982 seconds (JVM running for 18.874)
2025-06-30 10:57:36.608  INFO 20036 --- [http-nio-auto-1-exec-1] o.a.c.c.C.[Tomcat].[localhost].[/]       : Initializing Spring DispatcherServlet 'dispatcherServlet'
2025-06-30 10:57:36.608  INFO 20036 --- [http-nio-auto-1-exec-1] o.s.web.servlet.DispatcherServlet        : Initializing Servlet 'dispatcherServlet'
2025-06-30 10:57:36.610  INFO 20036 --- [http-nio-auto-1-exec-1] o.s.web.servlet.DispatcherServlet        : Completed initialization in 2 ms
2025-06-30 10:58:18.205  INFO 20036 --- [http-nio-auto-1-exec-3] o.springdoc.api.AbstractOpenApiResource  : Init duration for springdoc-openapi is: 215 ms
2025-06-30 11:02:14.081  INFO 20036 --- [AsyncResolver-bootstrap-executor-0] c.n.d.s.r.aws.ConfigClusterResolver      : Resolving eureka endpoints via configuration
2025-06-30 11:05:27.243  INFO 20036 --- [SpringApplicationShutdownHook] o.s.c.n.e.s.EurekaServiceRegistry        : Unregistering application MSCLIENTES with eureka with status DOWN
2025-06-30 11:05:27.244  INFO 20036 --- [SpringApplicationShutdownHook] com.netflix.discovery.DiscoveryClient    : Saw local status change event StatusChangeEvent [timestamp=1751292327244, current=DOWN, previous=UP]
2025-06-30 11:05:27.244  INFO 20036 --- [DiscoveryClient-InstanceInfoReplicator-0] com.netflix.discovery.DiscoveryClient    : DiscoveryClient_MSCLIENTES/msclientes:7919515474f94ccd97edcf0b29ae3e75: registering service...
2025-06-30 11:05:27.260  INFO 20036 --- [DiscoveryClient-InstanceInfoReplicator-0] com.netflix.discovery.DiscoveryClient    : DiscoveryClient_MSCLIENTES/msclientes:7919515474f94ccd97edcf0b29ae3e75 - registration status: 204
2025-06-30 11:05:27.268  INFO 20036 --- [SpringApplicationShutdownHook] j.LocalContainerEntityManagerFactoryBean : Closing JPA EntityManagerFactory for persistence unit 'default'
2025-06-30 11:05:27.269  INFO 20036 --- [SpringApplicationShutdownHook] .SchemaDropperImpl$DelayedDropActionImpl : HHH000477: Starting delayed evictData of schema as part of SessionFactory shut-down'
2025-06-30 11:05:27.492  WARN 20036 --- [SpringApplicationShutdownHook] o.s.b.f.support.DisposableBeanAdapter    : Invocation of destroy method failed on bean with name 'inMemoryDatabaseShutdownExecutor': org.h2.jdbc.JdbcSQLNonTransientConnectionException: Database is already closed (to disable automatic closing at VM shutdown, add ";DB_CLOSE_ON_EXIT=FALSE" to the db URL) [90121-200]
2025-06-30 11:05:27.494  INFO 20036 --- [SpringApplicationShutdownHook] com.zaxxer.hikari.HikariDataSource       : HikariPool-1 - Shutdown initiated...
2025-06-30 11:05:27.497  INFO 20036 --- [SpringApplicationShutdownHook] com.zaxxer.hikari.HikariDataSource       : HikariPool-1 - Shutdown completed.
2025-06-30 11:05:27.499  INFO 20036 --- [SpringApplicationShutdownHook] com.netflix.discovery.DiscoveryClient    : Shutting down DiscoveryClient ...
2025-06-30 11:05:30.503  INFO 20036 --- [SpringApplicationShutdownHook] com.netflix.discovery.DiscoveryClient    : Unregistering ...
2025-06-30 11:05:30.518  INFO 20036 --- [SpringApplicationShutdownHook] com.netflix.discovery.DiscoveryClient    : DiscoveryClient_MSCLIENTES/msclientes:7919515474f94ccd97edcf0b29ae3e75 - deregister  status: 200
2025-06-30 11:05:30.523  INFO 20036 --- [SpringApplicationShutdownHook] com.netflix.discovery.DiscoveryClient    : Completed shut down of DiscoveryClient
