2025-07-04 08:00:48.123  INFO 6128 --- [restartedMain] i.g.f.m.MsavaliadorcreditoApplication    : Starting MsavaliadorcreditoApplication using Java 21.0.1 on DESKTOP-4MTB0FR with PID 6128 (C:\Users\Snove\IdeaProjects\FinTech Microservicos\msavaliadorcredito\target\classes started by Snove in C:\Users\Snove\IdeaProjects\FinTech Microservicos\msavaliadorcredito)
2025-07-04 08:00:48.131  INFO 6128 --- [restartedMain] i.g.f.m.MsavaliadorcreditoApplication    : The following 1 profile is active: "local"
2025-07-04 08:00:48.268  INFO 6128 --- [restartedMain] .e.DevToolsPropertyDefaultsPostProcessor : Devtools property defaults active! Set 'spring.devtools.add-properties' to 'false' to disable
2025-07-04 08:00:48.268  INFO 6128 --- [restartedMain] .e.DevToolsPropertyDefaultsPostProcessor : For additional web related logging consider setting the 'logging.level.web' property to 'DEBUG'
2025-07-04 08:00:50.332  INFO 6128 --- [restartedMain] o.s.cloud.context.scope.GenericScope     : BeanFactory id=c0a36d29-c6f0-3f17-bcb5-c065d0df5bcc
2025-07-04 08:00:51.408  INFO 6128 --- [restartedMain] o.s.b.w.embedded.tomcat.TomcatWebServer  : Tomcat initialized with port(s): 0 (http)
2025-07-04 08:00:51.421  INFO 6128 --- [restartedMain] o.apache.catalina.core.StandardService   : Starting service [Tomcat]
2025-07-04 08:00:51.421  INFO 6128 --- [restartedMain] org.apache.catalina.core.StandardEngine  : Starting Servlet engine: [Apache Tomcat/9.0.63]
2025-07-04 08:00:51.588  INFO 6128 --- [restartedMain] o.a.c.c.C.[Tomcat].[localhost].[/]       : Initializing Spring embedded WebApplicationContext
2025-07-04 08:00:51.589  INFO 6128 --- [restartedMain] w.s.c.ServletWebServerApplicationContext : Root WebApplicationContext: initialization completed in 3320 ms
2025-07-04 08:00:52.853  WARN 6128 --- [restartedMain] o.s.b.d.a.OptionalLiveReloadServer       : Unable to start LiveReload server
2025-07-04 08:00:53.093  INFO 6128 --- [restartedMain] o.s.c.openfeign.FeignClientFactoryBean   : For 'msclientes' URL not provided. Will try picking an instance via load-balancing.
2025-07-04 08:00:53.313  INFO 6128 --- [restartedMain] o.s.c.openfeign.FeignClientFactoryBean   : For 'mscartoes' URL not provided. Will try picking an instance via load-balancing.
2025-07-04 08:00:57.517  INFO 6128 --- [restartedMain] o.s.cloud.commons.util.InetUtils         : Cannot determine local hostname
2025-07-04 08:00:59.048  INFO 6128 --- [restartedMain] o.s.cloud.commons.util.InetUtils         : Cannot determine local hostname
2025-07-04 08:00:59.058  INFO 6128 --- [restartedMain] DiscoveryClientOptionalArgsConfiguration : Eureka HTTP Client uses RestTemplate.
2025-07-04 08:00:59.124  WARN 6128 --- [restartedMain] iguration$LoadBalancerCaffeineWarnLogger : Spring Cloud LoadBalancer is currently working with the default cache. While this cache implementation is useful for development and tests, it's recommended to use Caffeine cache in production.You can switch to using Caffeine cache, by adding it and org.springframework.cache.caffeine.CaffeineCacheManager to the classpath.
2025-07-04 08:00:59.135  INFO 6128 --- [restartedMain] o.s.b.a.e.web.EndpointLinksResolver      : Exposing 17 endpoint(s) beneath base path '/actuator'
2025-07-04 08:00:59.219  INFO 6128 --- [restartedMain] o.s.b.w.embedded.tomcat.TomcatWebServer  : Tomcat started on port(s): 57338 (http) with context path ''
2025-07-04 08:00:59.220  INFO 6128 --- [restartedMain] .s.c.n.e.s.EurekaAutoServiceRegistration : Updating port to 57338
2025-07-04 08:00:59.228  INFO 6128 --- [restartedMain] o.s.c.n.eureka.InstanceInfoFactory       : Setting initial instance status as: STARTING
2025-07-04 08:00:59.375  INFO 6128 --- [restartedMain] com.netflix.discovery.DiscoveryClient    : Initializing Eureka in region us-east-1
2025-07-04 08:00:59.393  INFO 6128 --- [restartedMain] c.n.d.s.r.aws.ConfigClusterResolver      : Resolving eureka endpoints via configuration
2025-07-04 08:00:59.440  INFO 6128 --- [restartedMain] com.netflix.discovery.DiscoveryClient    : Disable delta property : false
2025-07-04 08:00:59.440  INFO 6128 --- [restartedMain] com.netflix.discovery.DiscoveryClient    : Single vip registry refresh property : null
2025-07-04 08:00:59.441  INFO 6128 --- [restartedMain] com.netflix.discovery.DiscoveryClient    : Force full registry fetch : false
2025-07-04 08:00:59.441  INFO 6128 --- [restartedMain] com.netflix.discovery.DiscoveryClient    : Application is null : false
2025-07-04 08:00:59.441  INFO 6128 --- [restartedMain] com.netflix.discovery.DiscoveryClient    : Registered Applications size is zero : true
2025-07-04 08:00:59.441  INFO 6128 --- [restartedMain] com.netflix.discovery.DiscoveryClient    : Application version is -1: true
2025-07-04 08:00:59.441  INFO 6128 --- [restartedMain] com.netflix.discovery.DiscoveryClient    : Getting all instance registry info from the eureka server
2025-07-04 08:00:59.975  INFO 6128 --- [restartedMain] com.netflix.discovery.DiscoveryClient    : The response status is 200
2025-07-04 08:00:59.978  INFO 6128 --- [restartedMain] com.netflix.discovery.DiscoveryClient    : Starting heartbeat executor: renew interval is: 30
2025-07-04 08:00:59.982  INFO 6128 --- [restartedMain] c.n.discovery.InstanceInfoReplicator     : InstanceInfoReplicator onDemand update allowed rate per min is 4
2025-07-04 08:00:59.989  INFO 6128 --- [restartedMain] com.netflix.discovery.DiscoveryClient    : Discovery Client initialized at timestamp 1751626859988 with initial instances count: 2
2025-07-04 08:00:59.991  INFO 6128 --- [restartedMain] o.s.c.n.e.s.EurekaServiceRegistry        : Registering application MSAVALIADORCREDITO with eureka with status UP
2025-07-04 08:00:59.992  INFO 6128 --- [restartedMain] com.netflix.discovery.DiscoveryClient    : Saw local status change event StatusChangeEvent [timestamp=1751626859992, current=UP, previous=STARTING]
2025-07-04 08:00:59.994  INFO 6128 --- [DiscoveryClient-InstanceInfoReplicator-0] com.netflix.discovery.DiscoveryClient    : DiscoveryClient_MSAVALIADORCREDITO/msavaliadorcredito:cc5d3dfeacbd5c45ed40e47dd77bc9cd: registering service...
2025-07-04 08:01:00.130  INFO 6128 --- [DiscoveryClient-InstanceInfoReplicator-0] com.netflix.discovery.DiscoveryClient    : DiscoveryClient_MSAVALIADORCREDITO/msavaliadorcredito:cc5d3dfeacbd5c45ed40e47dd77bc9cd - registration status: 204
2025-07-04 08:01:01.002  INFO 6128 --- [restartedMain] o.s.cloud.commons.util.InetUtils         : Cannot determine local hostname
2025-07-04 08:01:01.021  INFO 6128 --- [restartedMain] i.g.f.m.MsavaliadorcreditoApplication    : Started MsavaliadorcreditoApplication in 14.681 seconds (JVM running for 15.548)
2025-07-04 08:04:32.378  INFO 6128 --- [SpringApplicationShutdownHook] o.s.c.n.e.s.EurekaServiceRegistry        : Unregistering application MSAVALIADORCREDITO with eureka with status DOWN
2025-07-04 08:04:32.380  INFO 6128 --- [SpringApplicationShutdownHook] com.netflix.discovery.DiscoveryClient    : Saw local status change event StatusChangeEvent [timestamp=1751627072380, current=DOWN, previous=UP]
2025-07-04 08:04:32.380  INFO 6128 --- [DiscoveryClient-InstanceInfoReplicator-0] com.netflix.discovery.DiscoveryClient    : DiscoveryClient_MSAVALIADORCREDITO/msavaliadorcredito:cc5d3dfeacbd5c45ed40e47dd77bc9cd: registering service...
2025-07-04 08:04:32.394  INFO 6128 --- [DiscoveryClient-InstanceInfoReplicator-0] com.netflix.discovery.DiscoveryClient    : DiscoveryClient_MSAVALIADORCREDITO/msavaliadorcredito:cc5d3dfeacbd5c45ed40e47dd77bc9cd - registration status: 204
2025-07-04 08:04:32.409  INFO 6128 --- [SpringApplicationShutdownHook] com.netflix.discovery.DiscoveryClient    : Shutting down DiscoveryClient ...
2025-07-04 08:04:35.422  INFO 6128 --- [SpringApplicationShutdownHook] com.netflix.discovery.DiscoveryClient    : Unregistering ...
2025-07-04 08:04:35.438  INFO 6128 --- [SpringApplicationShutdownHook] com.netflix.discovery.DiscoveryClient    : DiscoveryClient_MSAVALIADORCREDITO/msavaliadorcredito:cc5d3dfeacbd5c45ed40e47dd77bc9cd - deregister  status: 200
2025-07-04 08:04:35.443  INFO 6128 --- [SpringApplicationShutdownHook] com.netflix.discovery.DiscoveryClient    : Completed shut down of DiscoveryClient
2025-07-04 08:33:51.895  INFO 17188 --- [main] g.f.m.MsavaliadorcreditoApplicationTests : Starting MsavaliadorcreditoApplicationTests using Java 21.0.3 on DESKTOP-4MTB0FR with PID 17188 (started by Snove in C:\Users\Snove\IdeaProjects\FinTech Microservicos\projeto-fintechmicroservicos\msavaliadorcredito)
2025-07-04 08:33:51.897  INFO 17188 --- [main] g.f.m.MsavaliadorcreditoApplicationTests : The following 1 profile is active: "local"
2025-07-04 08:33:53.962  INFO 17188 --- [main] o.s.cloud.context.scope.GenericScope     : BeanFactory id=671a7cb7-d2a0-3c36-ab79-2598c96706f0
2025-07-04 08:33:55.594  INFO 17188 --- [main] o.s.c.openfeign.FeignClientFactoryBean   : For 'msclientes' URL not provided. Will try picking an instance via load-balancing.
2025-07-04 08:33:55.758  INFO 17188 --- [main] o.s.c.openfeign.FeignClientFactoryBean   : For 'mscartoes' URL not provided. Will try picking an instance via load-balancing.
2025-07-04 08:34:01.163  INFO 17188 --- [main] o.s.cloud.commons.util.InetUtils         : Cannot determine local hostname
2025-07-04 08:34:02.853  INFO 17188 --- [main] o.s.cloud.commons.util.InetUtils         : Cannot determine local hostname
2025-07-04 08:34:02.875  INFO 17188 --- [main] DiscoveryClientOptionalArgsConfiguration : Eureka HTTP Client uses RestTemplate.
2025-07-04 08:34:02.980  WARN 17188 --- [main] iguration$LoadBalancerCaffeineWarnLogger : Spring Cloud LoadBalancer is currently working with the default cache. While this cache implementation is useful for development and tests, it's recommended to use Caffeine cache in production.You can switch to using Caffeine cache, by adding it and org.springframework.cache.caffeine.CaffeineCacheManager to the classpath.
2025-07-04 08:34:03.000  INFO 17188 --- [main] o.s.b.a.e.web.EndpointLinksResolver      : Exposing 17 endpoint(s) beneath base path '/actuator'
2025-07-04 08:34:03.079  INFO 17188 --- [main] g.f.m.MsavaliadorcreditoApplicationTests : Started MsavaliadorcreditoApplicationTests in 12.824 seconds (JVM running for 14.14)
2025-07-04 08:34:03.570  INFO 17188 --- [SpringApplicationShutdownHook] o.s.c.n.eureka.InstanceInfoFactory       : Setting initial instance status as: STARTING
2025-07-04 08:34:03.572  INFO 17188 --- [SpringApplicationShutdownHook] o.s.c.n.e.s.EurekaServiceRegistry        : Unregistering application MSAVALIADORCREDITO with eureka with status DOWN
